{"/home/laurens/readingGuide/client/src/components/NavBar.tsx": {"path":"/home/laurens/readingGuide/client/src/components/NavBar.tsx","statementMap":{"0":{"start":{"line":1,"column":0},"end":{"line":1,"column":42}},"1":{"start":{"line":2,"column":0},"end":{"line":2,"column":44}},"2":{"start":{"line":3,"column":0},"end":{"line":3,"column":50}},"3":{"start":{"line":4,"column":0},"end":{"line":4,"column":50}},"4":{"start":{"line":5,"column":0},"end":{"line":5,"column":64}},"5":{"start":{"line":6,"column":0},"end":{"line":6,"column":33}},"6":{"start":{"line":10,"column":15},"end":{"line":33,"column":1}},"7":{"start":{"line":11,"column":4},"end":{"line":32,"column":6}},"8":{"start":{"line":35,"column":0},"end":{"line":35,"column":22}}},"fnMap":{"0":{"name":"(anonymous_0)","decl":{"start":{"line":10,"column":15},"end":{"line":10,"column":18}},"loc":{"start":{"line":10,"column":20},"end":{"line":33,"column":1}}}},"branchMap":{},"s":{"0":1,"1":1,"2":1,"3":1,"4":1,"5":1,"6":1,"7":7,"8":1},"f":{"0":7},"b":{}}
,"/home/laurens/readingGuide/client/src/components/common/Link.tsx": {"path":"/home/laurens/readingGuide/client/src/components/common/Link.tsx","statementMap":{"0":{"start":{"line":2,"column":0},"end":{"line":2,"column":36}},"1":{"start":{"line":3,"column":0},"end":{"line":3,"column":55}},"2":{"start":{"line":12,"column":34},"end":{"line":34,"column":1}},"3":{"start":{"line":18,"column":38},"end":{"line":18,"column":53}},"4":{"start":{"line":20,"column":20},"end":{"line":23,"column":46}},"5":{"start":{"line":25,"column":24},"end":{"line":31,"column":5}},"6":{"start":{"line":26,"column":8},"end":{"line":28,"column":9}},"7":{"start":{"line":27,"column":12},"end":{"line":27,"column":19}},"8":{"start":{"line":29,"column":8},"end":{"line":29,"column":31}},"9":{"start":{"line":30,"column":8},"end":{"line":30,"column":21}},"10":{"start":{"line":33,"column":4},"end":{"line":33,"column":null}},"11":{"start":{"line":35,"column":0},"end":{"line":35,"column":20}}},"fnMap":{"0":{"name":"(anonymous_0)","decl":{"start":{"line":12,"column":34},"end":{"line":12,"column":35}},"loc":{"start":{"line":17,"column":5},"end":{"line":34,"column":1}}},"1":{"name":"(anonymous_1)","decl":{"start":{"line":25,"column":24},"end":{"line":25,"column":25}},"loc":{"start":{"line":25,"column":71},"end":{"line":31,"column":5}}}},"branchMap":{"0":{"loc":{"start":{"line":23,"column":8},"end":{"line":23,"column":45}},"type":"binary-expr","locations":[{"start":{"line":23,"column":8},"end":{"line":23,"column":26}},{"start":{"line":23,"column":30},"end":{"line":23,"column":45}}]},"1":{"loc":{"start":{"line":26,"column":8},"end":{"line":28,"column":9}},"type":"if","locations":[{"start":{"line":26,"column":8},"end":{"line":28,"column":9}}]},"2":{"loc":{"start":{"line":26,"column":12},"end":{"line":26,"column":42}},"type":"binary-expr","locations":[{"start":{"line":26,"column":12},"end":{"line":26,"column":25}},{"start":{"line":26,"column":29},"end":{"line":26,"column":42}}]}},"s":{"0":1,"1":1,"2":1,"3":12,"4":0,"5":0,"6":0,"7":0,"8":0,"9":0,"10":0,"11":1},"f":{"0":12,"1":0},"b":{"0":[0,0],"1":[0],"2":[0,0]}}
,"/home/laurens/readingGuide/client/src/context/Navigation.tsx": {"path":"/home/laurens/readingGuide/client/src/context/Navigation.tsx","statementMap":{"0":{"start":{"line":1,"column":0},"end":{"line":1,"column":79}},"1":{"start":{"line":8,"column":70},"end":{"line":8,"column":129}},"2":{"start":{"line":40,"column":29},"end":{"line":40,"column":46}},"3":{"start":{"line":14,"column":27},"end":{"line":38,"column":1}},"4":{"start":{"line":15,"column":42},"end":{"line":15,"column":84}},"5":{"start":{"line":17,"column":4},"end":{"line":27,"column":11}},"6":{"start":{"line":18,"column":24},"end":{"line":20,"column":9}},"7":{"start":{"line":19,"column":12},"end":{"line":19,"column":null}},"8":{"start":{"line":21,"column":8},"end":{"line":21,"column":53}},"9":{"start":{"line":24,"column":8},"end":{"line":26,"column":null}},"10":{"start":{"line":25,"column":12},"end":{"line":25,"column":null}},"11":{"start":{"line":29,"column":21},"end":{"line":32,"column":5}},"12":{"start":{"line":30,"column":8},"end":{"line":30,"column":45}},"13":{"start":{"line":31,"column":8},"end":{"line":31,"column":27}},"14":{"start":{"line":35,"column":4},"end":{"line":37,"column":null}},"15":{"start":{"line":40,"column":9},"end":{"line":40,"column":27}}},"fnMap":{"0":{"name":"(anonymous_0)","decl":{"start":{"line":14,"column":27},"end":{"line":14,"column":28}},"loc":{"start":{"line":14,"column":69},"end":{"line":38,"column":1}}},"1":{"name":"(anonymous_1)","decl":{"start":{"line":17,"column":14},"end":{"line":17,"column":17}},"loc":{"start":{"line":17,"column":19},"end":{"line":27,"column":5}}},"2":{"name":"(anonymous_2)","decl":{"start":{"line":18,"column":24},"end":{"line":18,"column":27}},"loc":{"start":{"line":18,"column":29},"end":{"line":20,"column":9}}},"3":{"name":"(anonymous_3)","decl":{"start":{"line":24,"column":15},"end":{"line":24,"column":18}},"loc":{"start":{"line":24,"column":20},"end":{"line":26,"column":9}}},"4":{"name":"(anonymous_4)","decl":{"start":{"line":29,"column":21},"end":{"line":29,"column":22}},"loc":{"start":{"line":29,"column":36},"end":{"line":32,"column":5}}}},"branchMap":{},"s":{"0":1,"1":1,"2":1,"3":1,"4":0,"5":0,"6":0,"7":0,"8":0,"9":0,"10":0,"11":0,"12":0,"13":0,"14":0,"15":1},"f":{"0":0,"1":0,"2":0,"3":0,"4":0},"b":{}}
,"/home/laurens/readingGuide/client/src/hooks/use-navigation.tsx": {"path":"/home/laurens/readingGuide/client/src/hooks/use-navigation.tsx","statementMap":{"0":{"start":{"line":1,"column":0},"end":{"line":1,"column":35}},"1":{"start":{"line":2,"column":0},"end":{"line":2,"column":58}},"2":{"start":{"line":6,"column":20},"end":{"line":6,"column":49}},"3":{"start":{"line":8,"column":4},"end":{"line":10,"column":5}},"4":{"start":{"line":9,"column":8},"end":{"line":9,"column":null}},"5":{"start":{"line":12,"column":4},"end":{"line":12,"column":19}},"6":{"start":{"line":15,"column":0},"end":{"line":15,"column":29}}},"fnMap":{"0":{"name":"useNavigation","decl":{"start":{"line":5,"column":9},"end":{"line":5,"column":22}},"loc":{"start":{"line":5,"column":22},"end":{"line":13,"column":1}}}},"branchMap":{"0":{"loc":{"start":{"line":8,"column":4},"end":{"line":10,"column":5}},"type":"if","locations":[{"start":{"line":8,"column":4},"end":{"line":10,"column":5}}]}},"s":{"0":1,"1":1,"2":12,"3":12,"4":12,"5":0,"6":1},"f":{"0":12},"b":{"0":[12]}}
}
